
Deleted customizer Settings {"theme-auto-version":"3.7.10","is_theme_queue_running":false,"global-color-palette":{"palette":["#ff9c00","#6c00ff","#261a36","#353338","#fbfcff","#ffffff","#243673","#fbfcff","#BFD1FF"]},"font-size-body":{"desktop":16,"tablet":"","mobile":"","desktop-unit":"px","tablet-unit":"px","mobile-unit":"px"},"body-font-family":"'Open Sans', sans-serif","body-font-weight":400,"headings-font-family":"'Vollkorn', serif","headings-font-weight":700,"_astra_pb_compatibility_completed":true}
Deleted - Site Options {"woocommerce_product_attributes":[],"woocommerce_product_cat_list":[],"woocommerce_product_cat":[],"custom_logo":"https:\/\/websitedemos.net\/pet-sitting-02\/wp-content\/uploads\/sites\/471\/2019\/07\/logo1-free-img.png","nav_menu_locations":{"primary":"main-menu","footer_menu":"main-menu"},"show_on_front":"page","page_on_front":"Home","page_for_posts":"","_fl_builder_enabled_icons":null,"_fl_builder_enabled_modules":null,"_fl_builder_post_types":null,"_fl_builder_color_presets":null,"_fl_builder_services":null,"_fl_builder_settings":null,"_fl_builder_user_access":null,"_fl_builder_enabled_templates":null,"elementor_container_width":"1200","elementor_cpt_support":["post","page"],"elementor_css_print_method":"external","elementor_default_generic_fonts":"Sans-serif","elementor_disable_color_schemes":"yes","elementor_disable_typography_schemes":"yes","elementor_editor_break_lines":"","elementor_exclude_user_roles":null,"elementor_global_image_lightbox":"yes","elementor_page_title_selector":"","elementor_scheme_color":{"1":"#6ec1e4","2":"#54595f","3":"#7a7a7a","4":"#61ce70"},"elementor_scheme_color-picker]":{"1":"#292524","2":"#54595f","3":"#7a7a7a","4":"#ff9c00","5":"#6c00ff","6":"#ff9c00","7":"#000","8":"#fff"},"elementor_scheme_typography":{"1":{"font_family":"Roboto","font_weight":"600"},"2":{"font_family":"Roboto Slab","font_weight":"400"},"3":{"font_family":"Roboto","font_weight":"400"},"4":{"font_family":"Roboto","font_weight":"500"}},"elementor_space_between_widgets":"","elementor_stretched_section_container":"","elementor_load_fa4_shim":"yes","elementor_active_kit":"499","woocommerce_shop_page_title":"","woocommerce_cart_page_title":"","woocommerce_checkout_page_title":"","woocommerce_myaccount_page_title":"","woocommerce_edit_address_page_title":"","woocommerce_view_order_page_title":"","woocommerce_change_password_page_title":"","woocommerce_logout_page_title":"","woocommerce_enable_guest_checkout":null,"woocommerce_enable_checkout_login_reminder":null,"woocommerce_enable_signup_and_login_from_checkout":"no","woocommerce_enable_myaccount_registration":"no","woocommerce_registration_generate_username":"no","wpforms_settings":{"disable-css":"2","global-assets":false,"gdpr":false},"learndash_settings_theme_ld30":null,"learndash_settings_courses_themes":null,"astra-color-palettes":{"currentPalette":"palette_1","palettes":{"palette_1":["#ff9c00","#6c00ff","#261a36","#353338","#fbfcff","#ffffff","#243673","#fbfcff","#BFD1FF"],"palette_2":["#0274be","#3a3a3a","#3a3a3a","#4B4F58","#ffffff","#FFFFFF","#F2F5F7","#424242","#000000"],"palette_3":["#0274be","#3a3a3a","#3a3a3a","#4B4F58","#ffffff","#FFFFFF","#F2F5F7","#424242","#000000"]},"flag":true},"astra-typography-presets":""}
DELETED - WIDGETS ["text-3","search-4","recent-posts-5","recent-comments-5","archives-4","categories-5","meta-4","media_image-1","text-2"]
DELETED - WIDGET text-3
DELETED - WIDGET search-4
DELETED - WIDGET recent-posts-5
DELETED - WIDGET recent-comments-5
DELETED - WIDGET archives-4
DELETED - WIDGET categories-5
DELETED - WIDGET meta-4
DELETED - WIDGET media_image-1
DELETED - WIDGET text-2
Deleted - Form ID 789 - wpforms - Enquiry
Deleted - Post ID 791 - attachment - favicon-free-img.png
Inserted WP Form 792
Deleted customizer Settings {"theme-auto-version":"3.7.10","is_theme_queue_running":false}
Imported - Site Options {"woocommerce_product_attributes":[],"woocommerce_product_cat_list":[],"woocommerce_product_cat":[],"custom_logo":"https:\/\/websitedemos.net\/pet-sitting-02\/wp-content\/uploads\/sites\/471\/2019\/07\/logo1-free-img.png","nav_menu_locations":{"primary":"main-menu","footer_menu":"main-menu"},"show_on_front":"page","page_on_front":"Home","page_for_posts":"","_fl_builder_enabled_icons":null,"_fl_builder_enabled_modules":null,"_fl_builder_post_types":null,"_fl_builder_color_presets":null,"_fl_builder_services":null,"_fl_builder_settings":null,"_fl_builder_user_access":null,"_fl_builder_enabled_templates":null,"elementor_container_width":"1200","elementor_cpt_support":["post","page"],"elementor_css_print_method":"external","elementor_default_generic_fonts":"Sans-serif","elementor_disable_color_schemes":"yes","elementor_disable_typography_schemes":"yes","elementor_editor_break_lines":"","elementor_exclude_user_roles":null,"elementor_global_image_lightbox":"yes","elementor_page_title_selector":"","elementor_scheme_color":{"1":"#6ec1e4","2":"#54595f","3":"#7a7a7a","4":"#61ce70"},"elementor_scheme_color-picker]":{"1":"#292524","2":"#54595f","3":"#7a7a7a","4":"#ff9c00","5":"#6c00ff","6":"#ff9c00","7":"#000","8":"#fff"},"elementor_scheme_typography":{"1":{"font_family":"Roboto","font_weight":"600"},"2":{"font_family":"Roboto Slab","font_weight":"400"},"3":{"font_family":"Roboto","font_weight":"400"},"4":{"font_family":"Roboto","font_weight":"500"}},"elementor_space_between_widgets":"","elementor_stretched_section_container":"","elementor_load_fa4_shim":"yes","elementor_active_kit":"499","woocommerce_shop_page_title":"","woocommerce_cart_page_title":"","woocommerce_checkout_page_title":"","woocommerce_myaccount_page_title":"","woocommerce_edit_address_page_title":"","woocommerce_view_order_page_title":"","woocommerce_change_password_page_title":"","woocommerce_logout_page_title":"","woocommerce_enable_guest_checkout":null,"woocommerce_enable_checkout_login_reminder":null,"woocommerce_enable_signup_and_login_from_checkout":"no","woocommerce_enable_myaccount_registration":"no","woocommerce_registration_generate_username":"no","wpforms_settings":{"disable-css":"2","global-assets":false,"gdpr":false},"learndash_settings_theme_ld30":null,"learndash_settings_courses_themes":null,"astra-color-palettes":{"currentPalette":"palette_1","palettes":{"palette_1":["#ff9c00","#6c00ff","#261a36","#353338","#fbfcff","#ffffff","#243673","#fbfcff","#BFD1FF"],"palette_2":["#0274be","#3a3a3a","#3a3a3a","#4B4F58","#ffffff","#FFFFFF","#F2F5F7","#424242","#000000"],"palette_3":["#0274be","#3a3a3a","#3a3a3a","#4B4F58","#ffffff","#FFFFFF","#F2F5F7","#424242","#000000"]},"flag":true},"astra-typography-presets":""}
Source - https://websitedemos.net/pet-sitting-02/wp-content/uploads/sites/471/2019/07/logo1-free-img.png
BATCH - SKIP Image {already imported from xml} - https://websitedemos.net/pet-sitting-02/wp-content/uploads/sites/471/2019/07/logo1-free-img.png
Log - {"url":"https:\/\/websitedemos.net\/pet-sitting-02\/wp-content\/uploads\/sites\/471\/2019\/07\/logo1-free-img.png","id":0}
Inserted - Post 794 - attachment - logo1-free-img.png
BATCH - SUCCESS Image {Imported} - http://localhost/breif8/wp-content/uploads/2022/04/logo1-free-img.png
Inserted - Post 794 - attachment - logo1-free-img.png
Deleted - Site Options {"woocommerce_product_attributes":[],"woocommerce_product_cat_list":[],"woocommerce_product_cat":[],"custom_logo":"https:\/\/websitedemos.net\/pet-sitting-02\/wp-content\/uploads\/sites\/471\/2019\/07\/logo1-free-img.png","nav_menu_locations":{"primary":"main-menu","footer_menu":"main-menu"},"show_on_front":"page","page_on_front":"Home","page_for_posts":"","_fl_builder_enabled_icons":null,"_fl_builder_enabled_modules":null,"_fl_builder_post_types":null,"_fl_builder_color_presets":null,"_fl_builder_services":null,"_fl_builder_settings":null,"_fl_builder_user_access":null,"_fl_builder_enabled_templates":null,"elementor_container_width":"1200","elementor_cpt_support":["post","page"],"elementor_css_print_method":"external","elementor_default_generic_fonts":"Sans-serif","elementor_disable_color_schemes":"yes","elementor_disable_typography_schemes":"yes","elementor_editor_break_lines":"","elementor_exclude_user_roles":null,"elementor_global_image_lightbox":"yes","elementor_page_title_selector":"","elementor_scheme_color":{"1":"#6ec1e4","2":"#54595f","3":"#7a7a7a","4":"#61ce70"},"elementor_scheme_color-picker]":{"1":"#292524","2":"#54595f","3":"#7a7a7a","4":"#ff9c00","5":"#6c00ff","6":"#ff9c00","7":"#000","8":"#fff"},"elementor_scheme_typography":{"1":{"font_family":"Roboto","font_weight":"600"},"2":{"font_family":"Roboto Slab","font_weight":"400"},"3":{"font_family":"Roboto","font_weight":"400"},"4":{"font_family":"Roboto","font_weight":"500"}},"elementor_space_between_widgets":"","elementor_stretched_section_container":"","elementor_load_fa4_shim":"yes","elementor_active_kit":"499","woocommerce_shop_page_title":"","woocommerce_cart_page_title":"","woocommerce_checkout_page_title":"","woocommerce_myaccount_page_title":"","woocommerce_edit_address_page_title":"","woocommerce_view_order_page_title":"","woocommerce_change_password_page_title":"","woocommerce_logout_page_title":"","woocommerce_enable_guest_checkout":null,"woocommerce_enable_checkout_login_reminder":null,"woocommerce_enable_signup_and_login_from_checkout":"no","woocommerce_enable_myaccount_registration":"no","woocommerce_registration_generate_username":"no","wpforms_settings":{"disable-css":"2","global-assets":false,"gdpr":false},"learndash_settings_theme_ld30":null,"learndash_settings_courses_themes":null,"astra-color-palettes":{"currentPalette":"palette_1","palettes":{"palette_1":["#ff9c00","#6c00ff","#261a36","#353338","#fbfcff","#ffffff","#243673","#fbfcff","#BFD1FF"],"palette_2":["#0274be","#3a3a3a","#3a3a3a","#4B4F58","#ffffff","#FFFFFF","#F2F5F7","#424242","#000000"],"palette_3":["#0274be","#3a3a3a","#3a3a3a","#4B4F58","#ffffff","#FFFFFF","#F2F5F7","#424242","#000000"]},"flag":true},"astra-typography-presets":""}
Imported - Widgets {"wp_inactive_widgets":["search-4","recent-posts-5","recent-comments-5","archives-4","categories-5","meta-4","media_image-1","text-2","text-5"],"sidebar-1":["search-5","recent-posts-6","recent-comments-6","archives-5","categories-6","meta-5"],"header-widget":[],"footer-widget-1":["media_image-2"],"footer-widget-2":["text-4"],"advanced-footer-widget-1":[],"advanced-footer-widget-2":[],"advanced-footer-widget-3":[],"advanced-footer-widget-4":[],"array_version":3,"footer-widget-3":[]}
DELETED - WIDGETS ["search-4","recent-posts-5","recent-comments-5","archives-4","categories-5","meta-4","media_image-1","text-2","text-5","search-5","recent-posts-6","recent-comments-6","archives-5","categories-6","meta-5","media_image-2","text-4"]
DELETED - WIDGET search-4
DELETED - WIDGET recent-posts-5
DELETED - WIDGET recent-comments-5
DELETED - WIDGET archives-4
DELETED - WIDGET categories-5
DELETED - WIDGET meta-4
DELETED - WIDGET media_image-1
DELETED - WIDGET text-2
Deleted - Form ID 792 - wpforms - Enquiry
Batch Process Started..
Starter Templates - Importing Images for Blog name 'Mohammed AIT GABA' (1)
Deleted - Post ID 794 - attachment - logo1-free-img.png
---- Processing Images from Widgets -----
Source - https://websitedemos.net/pet-sitting-02/wp-content/uploads/sites/471/2019/07/favicon-free-img.png
BATCH - SKIP Image {already imported from xml} - https://websitedemos.net/pet-sitting-02/wp-content/uploads/sites/471/2019/07/favicon-free-img.png
Log - {"url":"https:\/\/websitedemos.net\/pet-sitting-02\/wp-content\/uploads\/sites\/471\/2019\/07\/favicon-free-img.png","id":11}
Inserted - Post 795 - attachment - favicon-free-img.png
BATCH - SUCCESS Image {Imported} - http://localhost/breif8/wp-content/uploads/2022/04/favicon-free-img.png
Inserted WP Form 796
---- Processing Contact Form Mapping from WP Forms Widgets -----
---- Processing WordPress Posts / Pages - for "Gutenberg" ----
---- Processing WordPress Posts / Pages - for Elementor ----
---- Processing MISC ----
Post ID: 11
Post ID: 12
Post ID: 13
---- Processing Images Metadata ----
---- Processing batch process for Customizer start ----
---- Processing batch process for Customizer done ----
Batch Process Complete!